<?xml version="1.0" encoding="UTF-8"?>
<!-- Generated by org.testng.reporters.JUnitXMLReporter -->
<testsuite ignored="3" hostname="T0003181977" failures="0" tests="1" name="Default test" time="0.105" errors="0" timestamp="2022-06-21T00:23:35 ART">
  <testcase classname="TeoriaEjercicios.ScroolUpOrDown" name="scroolByPixel" time="0.048"/>
  <testcase classname="TeoriaEjercicios.ScroolUpOrDown" name="scrollDownByVisibilityOfElement" time="0.0">
    <ignored/>
  </testcase> <!-- scrollDownByVisibilityOfElement -->
  <testcase classname="TeoriaEjercicios.ScroolUpOrDown" name="scrollDownWebPage" time="0.0">
    <ignored/>
  </testcase> <!-- scrollDownWebPage -->
  <testcase classname="TeoriaEjercicios.ScroolUpOrDown" name="horizontalScrollOnTheWebPage" time="0.0">
    <ignored/>
  </testcase> <!-- horizontalScrollOnTheWebPage -->
</testsuite> <!-- Default test -->
