<?xml version="1.0" encoding="UTF-8"?>
<!-- Generated by org.testng.reporters.JUnitXMLReporter -->
<testsuite ignored="0" hostname="T0003181977" failures="5" tests="6" name="TestDatosExcel" time="46.12" errors="0" timestamp="2022-05-31T19:02:03 ART">
  <testcase classname="TeoriaEjercicios.DataDrivenTesting" name="irRegistroLogin" time="31.648"/>
  <testcase classname="TeoriaEjercicios.DataDrivenTesting" name="irRegistroLogin" time="3.066">
    <failure type="java.lang.AssertionError" message="expected:&amp;lt;http://automationpractice.com/index.php?controller=authentication&amp;gt; but was:&amp;lt;http://automationpractice.com/index.php?controller=my-account&amp;gt;">
      <![CDATA[java.lang.AssertionError: expected:<http://automationpractice.com/index.php?controller=authentication> but was:<http://automationpractice.com/index.php?controller=my-account>
at TeoriaEjercicios.DataDrivenTesting.irRegistroLogin(DataDrivenTesting.java:50)
at java.base/java.util.ArrayList.forEach(ArrayList.java:1511)
... Removed 29 stack frames]]>
    </failure>
  </testcase> <!-- irRegistroLogin -->
  <testcase classname="TeoriaEjercicios.DataDrivenTesting" name="irRegistroLogin" time="2.269">
    <failure type="java.lang.AssertionError" message="expected:&amp;lt;http://automationpractice.com/index.php?controller=authentication&amp;gt; but was:&amp;lt;http://automationpractice.com/index.php?controller=my-account&amp;gt;">
      <![CDATA[java.lang.AssertionError: expected:<http://automationpractice.com/index.php?controller=authentication> but was:<http://automationpractice.com/index.php?controller=my-account>
at TeoriaEjercicios.DataDrivenTesting.irRegistroLogin(DataDrivenTesting.java:50)
at java.base/java.util.ArrayList.forEach(ArrayList.java:1511)
... Removed 29 stack frames]]>
    </failure>
  </testcase> <!-- irRegistroLogin -->
  <testcase classname="TeoriaEjercicios.DataDrivenTesting" name="irRegistroLogin" time="2.267">
    <failure type="java.lang.AssertionError" message="expected:&amp;lt;http://automationpractice.com/index.php?controller=authentication&amp;gt; but was:&amp;lt;http://automationpractice.com/index.php?controller=my-account&amp;gt;">
      <![CDATA[java.lang.AssertionError: expected:<http://automationpractice.com/index.php?controller=authentication> but was:<http://automationpractice.com/index.php?controller=my-account>
at TeoriaEjercicios.DataDrivenTesting.irRegistroLogin(DataDrivenTesting.java:50)
at java.base/java.util.ArrayList.forEach(ArrayList.java:1511)
... Removed 29 stack frames]]>
    </failure>
  </testcase> <!-- irRegistroLogin -->
  <testcase classname="TeoriaEjercicios.DataDrivenTesting" name="irRegistroLogin" time="1.636">
    <failure type="java.lang.AssertionError" message="expected:&amp;lt;http://automationpractice.com/index.php?controller=authentication&amp;gt; but was:&amp;lt;http://automationpractice.com/index.php?controller=my-account&amp;gt;">
      <![CDATA[java.lang.AssertionError: expected:<http://automationpractice.com/index.php?controller=authentication> but was:<http://automationpractice.com/index.php?controller=my-account>
at TeoriaEjercicios.DataDrivenTesting.irRegistroLogin(DataDrivenTesting.java:50)
at java.base/java.util.ArrayList.forEach(ArrayList.java:1511)
... Removed 29 stack frames]]>
    </failure>
  </testcase> <!-- irRegistroLogin -->
  <testcase classname="TeoriaEjercicios.DataDrivenTesting" name="irRegistroLogin" time="1.834">
    <failure type="java.lang.AssertionError" message="expected:&amp;lt;http://automationpractice.com/index.php?controller=authentication&amp;gt; but was:&amp;lt;http://automationpractice.com/index.php?controller=my-account&amp;gt;">
      <![CDATA[java.lang.AssertionError: expected:<http://automationpractice.com/index.php?controller=authentication> but was:<http://automationpractice.com/index.php?controller=my-account>
at TeoriaEjercicios.DataDrivenTesting.irRegistroLogin(DataDrivenTesting.java:50)
at java.base/java.util.ArrayList.forEach(ArrayList.java:1511)
... Removed 29 stack frames]]>
    </failure>
  </testcase> <!-- irRegistroLogin -->
</testsuite> <!-- TestDatosExcel -->
