<?xml version="1.0" encoding="UTF-8"?>
<!-- Generated by org.testng.reporters.JUnitXMLReporter -->
<testsuite ignored="0" hostname="T0003181977" failures="1" tests="1" name="Test" time="17.189" errors="0" timestamp="2022-05-23T17:05:16 ART">
  <testcase classname="TeoriaEjercicios.ScreenListener" name="SelecAlAzarDeProductos" time="16.835">
    <failure type="java.lang.AssertionError" message="expected [true] but found [false]">
      <![CDATA[java.lang.AssertionError: expected [true] but found [false]
at TeoriaEjercicios.ScreenListener.SelecAlAzarDeProductos(ScreenListener.java:112)
at java.base/java.util.ArrayList.forEach(ArrayList.java:1511)
... Removed 31 stack frames]]>
    </failure>
  </testcase> <!-- SelecAlAzarDeProductos -->
</testsuite> <!-- Test -->
