<?xml version="1.0" encoding="UTF-8"?>
<testng-results ignored="3" total="4" passed="1" failed="0" skipped="0">
  <reporter-output>
  </reporter-output>
  <suite started-at="2022-06-21T00:23:35 ART" name="Default suite" finished-at="2022-06-21T00:23:35 ART" duration-ms="105">
    <groups>
    </groups>
    <test started-at="2022-06-21T00:23:35 ART" name="Default test" finished-at="2022-06-21T00:23:35 ART" duration-ms="105">
      <class name="TeoriaEjercicios.ScroolUpOrDown">
        <test-method is-config="true" signature="setUp()[pri:0, instance:TeoriaEjercicios.ScroolUpOrDown@61001b64]" started-at="2022-06-21T00:23:14 ART" name="setUp" finished-at="2022-06-21T00:23:35 ART" duration-ms="21649" status="PASS">
          <reporter-output>
          </reporter-output>
        </test-method> <!-- setUp -->
        <test-method signature="scroolByPixel()[pri:0, instance:TeoriaEjercicios.ScroolUpOrDown@61001b64]" started-at="2022-06-21T00:23:35 ART" name="scroolByPixel" finished-at="2022-06-21T00:23:35 ART" duration-ms="48" status="PASS">
          <reporter-output>
          </reporter-output>
        </test-method> <!-- scroolByPixel -->
        <test-method is-config="true" signature="tearDown()[pri:0, instance:TeoriaEjercicios.ScroolUpOrDown@61001b64]" started-at="2022-06-21T00:23:36 ART" name="tearDown" finished-at="2022-06-21T00:23:36 ART" duration-ms="0" status="PASS">
          <reporter-output>
          </reporter-output>
        </test-method> <!-- tearDown -->
      </class> <!-- TeoriaEjercicios.ScroolUpOrDown -->
    </test> <!-- Default test -->
  </suite> <!-- Default suite -->
</testng-results>
